# JRE version: OpenJDK Runtime Environment (21.0.4) (build 21.0.4+-12508038-b607.1)
# Java VM: OpenJDK 64-Bit Server VM (21.0.4+-12508038-b607.1, mixed mode, tiered, compressed oops, compressed class ptrs, g1 gc, windows-amd64)
GC Precious Log:
 CardTable entry size: 512
 Card Set container configuration: InlinePtr #cards 5 size 8 Array Of Cards #cards 12 size 40 Howl #buckets 4 coarsen threshold 1843 Howl Bitmap #cards 512 size 80 coarsen threshold 460 Card regions per heap region 1 cards per card region 2048
 CPUs: 12 total, 12 available
 Memory: 7528M
 Large Page Support: Disabled
 NUMA Support: Disabled
 Compressed Oops: Enabled (32-bit)
 Heap Region Size: 1M
 Heap Min Capacity: 8M
 Heap Initial Capacity: 118M
 Heap Max Capacity: 2G
 Pre-touch: Disabled
 Parallel Workers: 10
 Concurrent Workers: 3
 Concurrent Refinement Workers: 10
 Periodic GC: Disabled
Heap:
 garbage-first heap   total 324608K, used 235683K [0x0000000080000000, 0x0000000100000000)
  region size 1024K, 89 young (91136K), 3 survivors (3072K)
 Metaspace       used 157934K, committed 160384K, reserved 1245184K
  class space    used 21169K, committed 22464K, reserved 1048576K
GC Heap History (20 events):
Event: 32.136 GC heap before
{Heap before GC invocations=49 (full 0):
 garbage-first heap   total 268288K, used 198756K [0x0000000080000000, 0x0000000100000000)
  region size 1024K, 60 young (61440K), 2 survivors (2048K)
 Metaspace       used 120383K, committed 122560K, reserved 1179648K
  class space    used 16147K, committed 17280K, reserved 1048576K
}
Event: 32.142 GC heap after
{Heap after GC invocations=50 (full 0):
 garbage-first heap   total 268288K, used 142690K [0x0000000080000000, 0x0000000100000000)
  region size 1024K, 6 young (6144K), 6 survivors (6144K)
 Metaspace       used 120383K, committed 122560K, reserved 1179648K
  class space    used 16147K, committed 17280K, reserved 1048576K
}
Event: 32.587 GC heap before
{Heap before GC invocations=50 (full 0):
 garbage-first heap   total 268288K, used 206178K [0x0000000080000000, 0x0000000100000000)
  region size 1024K, 69 young (70656K), 6 survivors (6144K)
 Metaspace       used 121029K, committed 123200K, reserved 1179648K
  class space    used 16215K, committed 17344K, reserved 1048576K
}
Event: 32.596 GC heap after
{Heap after GC invocations=51 (full 0):
 garbage-first heap   total 268288K, used 146979K [0x0000000080000000, 0x0000000100000000)
  region size 1024K, 9 young (9216K), 9 survivors (9216K)
 Metaspace       used 121029K, committed 123200K, reserved 1179648K
  class space    used 16215K, committed 17344K, reserved 1048576K
}
Event: 33.239 GC heap before
{Heap before GC invocations=52 (full 0):
 garbage-first heap   total 268288K, used 217635K [0x0000000080000000, 0x0000000100000000)
  region size 1024K, 79 young (80896K), 9 survivors (9216K)
 Metaspace       used 121616K, committed 123776K, reserved 1179648K
  class space    used 16285K, committed 17408K, reserved 1048576K
}
Event: 33.247 GC heap after
{Heap after GC invocations=53 (full 0):
 garbage-first heap   total 268288K, used 149713K [0x0000000080000000, 0x0000000100000000)
  region size 1024K, 6 young (6144K), 6 survivors (6144K)
 Metaspace       used 121616K, committed 123776K, reserved 1179648K
  class space    used 16285K, committed 17408K, reserved 1048576K
}
Event: 41.676 GC heap before
{Heap before GC invocations=53 (full 0):
 garbage-first heap   total 268288K, used 222417K [0x0000000080000000, 0x0000000100000000)
  region size 1024K, 78 young (79872K), 6 survivors (6144K)
 Metaspace       used 122019K, committed 124288K, reserved 1179648K
  class space    used 16323K, committed 17472K, reserved 1048576K
}
Event: 41.684 GC heap after
{Heap after GC invocations=54 (full 0):
 garbage-first heap   total 268288K, used 153067K [0x0000000080000000, 0x0000000100000000)
  region size 1024K, 10 young (10240K), 10 survivors (10240K)
 Metaspace       used 122019K, committed 124288K, reserved 1179648K
  class space    used 16323K, committed 17472K, reserved 1048576K
}
Event: 42.437 GC heap before
{Heap before GC invocations=54 (full 0):
 garbage-first heap   total 268288K, used 233963K [0x0000000080000000, 0x0000000100000000)
  region size 1024K, 84 young (86016K), 10 survivors (10240K)
 Metaspace       used 124956K, committed 127232K, reserved 1179648K
  class space    used 16516K, committed 17664K, reserved 1048576K
}
Event: 42.448 GC heap after
{Heap after GC invocations=55 (full 0):
 garbage-first heap   total 268288K, used 147536K [0x0000000080000000, 0x0000000100000000)
  region size 1024K, 6 young (6144K), 6 survivors (6144K)
 Metaspace       used 124956K, committed 127232K, reserved 1179648K
  class space    used 16516K, committed 17664K, reserved 1048576K
}
Event: 44.567 GC heap before
{Heap before GC invocations=55 (full 0):
 garbage-first heap   total 268288K, used 233552K [0x0000000080000000, 0x0000000100000000)
  region size 1024K, 91 young (93184K), 6 survivors (6144K)
 Metaspace       used 129052K, committed 131392K, reserved 1179648K
  class space    used 17036K, committed 18240K, reserved 1048576K
}
Event: 44.573 GC heap after
{Heap after GC invocations=56 (full 0):
 garbage-first heap   total 268288K, used 150571K [0x0000000080000000, 0x0000000100000000)
  region size 1024K, 9 young (9216K), 9 survivors (9216K)
 Metaspace       used 129052K, committed 131392K, reserved 1179648K
  class space    used 17036K, committed 18240K, reserved 1048576K
}
Event: 47.706 GC heap before
{Heap before GC invocations=57 (full 0):
 garbage-first heap   total 268288K, used 236587K [0x0000000080000000, 0x0000000100000000)
  region size 1024K, 96 young (98304K), 9 survivors (9216K)
 Metaspace       used 134801K, committed 137152K, reserved 1179648K
  class space    used 17868K, committed 19072K, reserved 1048576K
}
Event: 47.718 GC heap after
{Heap after GC invocations=58 (full 0):
 garbage-first heap   total 268288K, used 153380K [0x0000000080000000, 0x0000000100000000)
  region size 1024K, 12 young (12288K), 12 survivors (12288K)
 Metaspace       used 134801K, committed 137152K, reserved 1179648K
  class space    used 17868K, committed 19072K, reserved 1048576K
}
Event: 48.936 GC heap before
{Heap before GC invocations=58 (full 0):
 garbage-first heap   total 268288K, used 237348K [0x0000000080000000, 0x0000000100000000)
  region size 1024K, 95 young (97280K), 12 survivors (12288K)
 Metaspace       used 144132K, committed 146496K, reserved 1179648K
  class space    used 19446K, committed 20672K, reserved 1048576K
}
Event: 48.949 GC heap after
{Heap after GC invocations=59 (full 0):
 garbage-first heap   total 268288K, used 150360K [0x0000000080000000, 0x0000000100000000)
  region size 1024K, 7 young (7168K), 7 survivors (7168K)
 Metaspace       used 144132K, committed 146496K, reserved 1179648K
  class space    used 19446K, committed 20672K, reserved 1048576K
}
Event: 50.120 GC heap before
{Heap before GC invocations=59 (full 0):
 garbage-first heap   total 268288K, used 204632K [0x0000000080000000, 0x0000000100000000)
  region size 1024K, 62 young (63488K), 7 survivors (7168K)
 Metaspace       used 147061K, committed 149376K, reserved 1179648K
  class space    used 19808K, committed 20992K, reserved 1048576K
}
Event: 50.126 GC heap after
{Heap after GC invocations=60 (full 0):
 garbage-first heap   total 268288K, used 152368K [0x0000000080000000, 0x0000000100000000)
  region size 1024K, 9 young (9216K), 9 survivors (9216K)
 Metaspace       used 147061K, committed 149376K, reserved 1179648K
  class space    used 19808K, committed 20992K, reserved 1048576K
}
Event: 52.073 GC heap before
{Heap before GC invocations=61 (full 0):
 garbage-first heap   total 317440K, used 316208K [0x0000000080000000, 0x0000000100000000)
  region size 1024K, 91 young (93184K), 9 survivors (9216K)
 Metaspace       used 151670K, committed 154048K, reserved 1245184K
  class space    used 20588K, committed 21824K, reserved 1048576K
}
Event: 52.081 GC heap after
{Heap after GC invocations=62 (full 0):
 garbage-first heap   total 324608K, used 149667K [0x0000000080000000, 0x0000000100000000)
  region size 1024K, 3 young (3072K), 3 survivors (3072K)
 Metaspace       used 151670K, committed 154048K, reserved 1245184K
  class space    used 20588K, committed 21824K, reserved 1048576K
}

